server on!
Simulator Screen Shot - iPhone 8 Plus - 2021-07-14 at 21.09.31.png
Simulator Screen Shot - iPhone 8 Plus - 2021-07-14 at 21.09.31.png
INSERT INTO file(hash, path) VALUES ('4c2bce14451fff6e566941658320a58d96d9fe14798321c74e37d81f5d54cda4','Simulator Screen Shot - iPhone 8 Plus - 2021-07-14 at 21.09.31.png')
Simulator Screen Shot - iPhone 11 Pro Max - 2021-07-14 at 20.53.45.png
Simulator Screen Shot - iPhone 11 Pro Max - 2021-07-14 at 20.53.45.png
INSERT INTO file(hash, path) VALUES ('458d62345029082f14d97f50f00d586405eafbc4f77b4ce4684fd968b8a59081','Simulator Screen Shot - iPhone 11 Pro Max - 2021-07-14 at 20.53.45.png')
graphics.png
graphics.png
INSERT INTO file(hash, path) VALUES ('43ecf8eb1df80aeff15d7a38b1f6f32c4d167fa196b09d6cf39b1365f5bbbb8b','graphics.png')
Simulator Screen Shot - iPhone 8 Plus - 2021-07-14 at 21.09.44.png
Simulator Screen Shot - iPhone 8 Plus - 2021-07-14 at 21.09.44.png
INSERT INTO file(hash, path) VALUES ('e174ebf371963b9d8b01c2b6c2dbba4cbe475ac46ec83dded164e551171a49c4','Simulator Screen Shot - iPhone 8 Plus - 2021-07-14 at 21.09.44.png')
Simulator Screen Shot - iPhone 8 Plus - 2021-07-14 at 21.09.44.png
Simulator Screen Shot - iPhone 8 Plus - 2021-07-14 at 21.09.44.png
INSERT INTO file(hash, path) VALUES ('e174ebf371963b9d8b01c2b6c2dbba4cbe475ac46ec83dded164e551171a49c4','Simulator Screen Shot - iPhone 8 Plus - 2021-07-14 at 21.09.44.png')
스크린샷 2021-11-05 오후 10.50.22.png
스크린샷 2021-11-05 오후 10.50.22.png
INSERT INTO file(hash, path) VALUES ('ea35f4be2f957ce0bb7ff2b0d7a0e282bb380973f0f6af9236ab2631d1c23520','스크린샷 2021-11-05 오후 10.50.22.png')
Simulator Screen Shot - iPhone 8 Plus - 2021-07-14 at 21.09.44.png
Simulator Screen Shot - iPhone 8 Plus - 2021-07-14 at 21.09.44.png
INSERT INTO file(hash, path) VALUES ('e174ebf371963b9d8b01c2b6c2dbba4cbe475ac46ec83dded164e551171a49c4','Simulator Screen Shot - iPhone 8 Plus - 2021-07-14 at 21.09.44.png')
시간표.png
시간표.png
INSERT INTO file(hash, path) VALUES ('301c768bd5388570aee68f25ab292a6dea50fbae7901d1f8b57cd6950e7de2a9','시간표.png')
Simulator Screen Shot - iPhone 11 Pro Max - 2021-07-14 at 20.53.53.png
Simulator Screen Shot - iPhone 11 Pro Max - 2021-07-14 at 20.53.53.png
INSERT INTO file(hash, path) VALUES ('35c8d46d63f705a950a969dc5379fb5a351168fad31b1971069c0c692714feee','Simulator Screen Shot - iPhone 11 Pro Max - 2021-07-14 at 20.53.53.png')
Simulator Screen Shot - iPhone 8 Plus - 2021-07-14 at 21.09.11.png
Simulator Screen Shot - iPhone 8 Plus - 2021-07-14 at 21.09.11.png
INSERT INTO file(hash, path) VALUES ('86c9754c6adb3d852d6c99b42bbcbfa7ec38c0c66c58fb54ddca60bb219240e3','Simulator Screen Shot - iPhone 8 Plus - 2021-07-14 at 21.09.11.png')
스크린샷 2021-11-05 오후 10.50.22.png
스크린샷 2021-11-05 오후 10.50.22.png
INSERT INTO file(hash, path) VALUES ('ea35f4be2f957ce0bb7ff2b0d7a0e282bb380973f0f6af9236ab2631d1c23520','스크린샷 2021-11-05 오후 10.50.22.png')
빅데이터와 소비자만족-9주.pdf
빅데이터와 소비자만족-9주.pdf
INSERT INTO file(hash, path) VALUES ('7a72858234f1d83acffa485b4a8d4ba343bfca206ed0039855d5891a5c968e32','빅데이터와 소비자만족-9주.pdf')
Simulator Screen Shot - iPhone 8 Plus - 2021-07-14 at 21.09.06.png
Simulator Screen Shot - iPhone 8 Plus - 2021-07-14 at 21.09.06.png
INSERT INTO file(hash, path) VALUES ('646e10b4cbdde357d2a012fddc96cab47aed6de2bfa67c952e9ad8d93d49b33e','Simulator Screen Shot - iPhone 8 Plus - 2021-07-14 at 21.09.06.png')
Simulator Screen Shot - iPhone 11 Pro Max - 2021-07-14 at 20.53.41.png
Simulator Screen Shot - iPhone 11 Pro Max - 2021-07-14 at 20.53.41.png
INSERT INTO file(hash, path) VALUES ('e7027f123a06d24a83a253d70b2897b55bd8af02a738da9b9ac1684812898e7b','Simulator Screen Shot - iPhone 11 Pro Max - 2021-07-14 at 20.53.41.png')
Simulator Screen Shot - iPhone 11 Pro Max - 2021-07-14 at 20.54.13.png
Simulator Screen Shot - iPhone 11 Pro Max - 2021-07-14 at 20.54.13.png
INSERT INTO file(hash, path) VALUES ('fd9ccbcdf8951c64e07c376b87d10ad791ea55cd2fadde1f62578441c1275f37','Simulator Screen Shot - iPhone 11 Pro Max - 2021-07-14 at 20.54.13.png')
Simulator Screen Shot - iPhone 8 Plus - 2021-07-14 at 21.09.44.png
Simulator Screen Shot - iPhone 8 Plus - 2021-07-14 at 21.09.44.png
INSERT INTO file(hash, path) VALUES ('e174ebf371963b9d8b01c2b6c2dbba4cbe475ac46ec83dded164e551171a49c4','Simulator Screen Shot - iPhone 8 Plus - 2021-07-14 at 21.09.44.png')
